<?xml version="1.0" encoding="UTF-8"?>
<testsuites>
  <testsuite name="" tests="5" assertions="3" errors="2" warnings="0" failures="0" skipped="0" time="0.137298">
    <testsuite name="App" tests="5" assertions="3" errors="2" warnings="0" failures="0" skipped="0" time="0.137298">
      <testsuite name="ExampleDatabaseTest" file="C:\laragon\www\ITC\tests\database\ExampleDatabaseTest.php" tests="2" assertions="0" errors="2" warnings="0" failures="0" skipped="0" time="0.106197">
        <testcase name="testModelFindAll" class="ExampleDatabaseTest" classname="ExampleDatabaseTest" file="C:\laragon\www\ITC\tests\database\ExampleDatabaseTest.php" line="17" assertions="0" time="0.102339">
          <error type="CodeIgniter\Database\Exceptions\DatabaseException">ExampleDatabaseTest::testModelFindAll
CodeIgniter\Database\Exceptions\DatabaseException: Unable to connect to the database.&#13;
Main connection [SQLite3]: Class "SQLite3" not found

C:\laragon\www\ITC\system\Database\BaseConnection.php:427
C:\laragon\www\ITC\system\Database\SQLite3\Connection.php:59
C:\laragon\www\ITC\system\Test\DatabaseTestTrait.php:74
C:\laragon\www\ITC\system\Test\DatabaseTestTrait.php:54
C:\laragon\www\ITC\system\Test\CIUnitTestCase.php:250</error>
        </testcase>
        <testcase name="testSoftDeleteLeavesRow" class="ExampleDatabaseTest" classname="ExampleDatabaseTest" file="C:\laragon\www\ITC\tests\database\ExampleDatabaseTest.php" line="28" assertions="0" time="0.003858">
          <error type="CodeIgniter\Database\Exceptions\DatabaseException">ExampleDatabaseTest::testSoftDeleteLeavesRow
CodeIgniter\Database\Exceptions\DatabaseException: Unable to connect to the database.&#13;
Main connection [SQLite3]: Class "SQLite3" not found

C:\laragon\www\ITC\system\Database\BaseConnection.php:427
C:\laragon\www\ITC\system\Database\SQLite3\Connection.php:59
C:\laragon\www\ITC\system\Test\DatabaseTestTrait.php:74
C:\laragon\www\ITC\system\Test\DatabaseTestTrait.php:54
C:\laragon\www\ITC\system\Test\CIUnitTestCase.php:250</error>
        </testcase>
      </testsuite>
      <testsuite name="ExampleSessionTest" file="C:\laragon\www\ITC\tests\session\ExampleSessionTest.php" tests="1" assertions="1" errors="0" warnings="0" failures="0" skipped="0" time="0.003123">
        <testcase name="testSessionSimple" class="ExampleSessionTest" classname="ExampleSessionTest" file="C:\laragon\www\ITC\tests\session\ExampleSessionTest.php" line="11" assertions="1" time="0.003123"/>
      </testsuite>
      <testsuite name="HealthTest" file="C:\laragon\www\ITC\tests\unit\HealthTest.php" tests="2" assertions="2" errors="0" warnings="0" failures="0" skipped="0" time="0.027978">
        <testcase name="testIsDefinedAppPath" class="HealthTest" classname="HealthTest" file="C:\laragon\www\ITC\tests\unit\HealthTest.php" line="13" assertions="1" time="0.005555"/>
        <testcase name="testBaseUrlHasBeenSet" class="HealthTest" classname="HealthTest" file="C:\laragon\www\ITC\tests\unit\HealthTest.php" line="18" assertions="1" time="0.022422"/>
      </testsuite>
    </testsuite>
  </testsuite>
</testsuites>
